2020-07-17 12:39:17,910 - instabot version: 0.117.0 (bot) - INFO - Instabot version: 0.117.0 Started
2020-07-17 12:39:17,910 - instabot version: 0.117.0 (bot) - DEBUG - Bot imported from C:\Users\beast\AppData\Roaming\Python\Python37\site-packages\instabot\bot\bot.py
2020-07-17 12:39:17,919 - instabot version: 0.117.0 (api_login) - DEBUG - Loading cookies
2020-07-17 12:39:17,919 - instabot version: 0.117.0 (api_login) - DEBUG - Loading uuids
2020-07-17 12:39:17,920 - instabot version: 0.117.0 (api_login) - INFO - Recovery from C:\xamp\htdocs\chat_bot\Table\biometric/config/usmanaslam406_uuid_and_cookie.json: COOKIE True - UUIDs True - TIMING, DEVICE and ...
- user-agent=Instagram 117.0.0.28.123 Android (28/9.0; 420dpi; 1080x1920; OnePlus; ONEPLUS A3003; OnePlus3; qcom; en_US; 180322800)
- phone_id=78ec2d0d-cc87-4cf2-9651-8541c61a3c52
- uuid=221b13a0-4099-40db-ad97-c7d3eb110fc6
- client_session_id=7860a8d1-2921-4496-b113-3d3e8fd3ce90
- device_id=android-f0522cd16f3458a1
2020-07-17 12:39:17,920 - instabot version: 0.117.0 (api_login) - INFO - LOGIN FLOW! Just logged-in: False
2020-07-17 12:39:19,757 - instabot version: 0.117.0 (api) - DEBUG - POST to endpoint: feed/timeline/ returned response: <Response [200]>
2020-07-17 12:39:20,444 - instabot version: 0.117.0 (api) - DEBUG - POST to endpoint: feed/reels_tray/ returned response: <Response [200]>
2020-07-17 12:39:20,447 - instabot version: 0.117.0 (api) - INFO - Logged-in successfully as 'usmanaslam406'!
2020-07-17 12:39:20,449 - instabot version: 0.117.0 (bot_checkpoint) - DEBUG - Loading Checkpoint file from: C:\xamp\htdocs\chat_bot\Table\biometric/config/usmanaslam406.checkpoint
2020-07-17 12:39:21,085 - instabot version: 0.117.0 (api) - DEBUG - GET to endpoint: users/arsalan.ak47/usernameinfo/ returned response: <Response [200]>
2020-07-17 12:39:21,461 - instabot version: 0.117.0 (bot_follow) - INFO - Going to follow `user_id` 2033130243.
2020-07-17 12:39:21,461 - instabot version: 0.117.0 (api) - DEBUG - post data: {"user_id": "2033130243", "radio_type": "wifi-none", "device_id": "android-f0522cd16f3458a1", "_uuid": "221b13a0-4099-40db-ad97-c7d3eb110fc6", "_uid": "37139012092", "_csrftoken": "LmqPINSSBnClBv5u9PvS4gt3dCJfB7US"}
2020-07-17 12:39:22,511 - instabot version: 0.117.0 (api) - DEBUG - POST to endpoint: friendships/create/2033130243/ returned response: <Response [200]>
2020-07-17 12:39:22,511 - instabot version: 0.117.0 (bot_follow) - INFO - Followed `user_id` 2033130243.
2020-07-17 12:39:23,192 - instabot version: 0.117.0 (api) - DEBUG - GET to endpoint: users/37139012092/info/ returned response: <Response [200]>
2020-07-17 12:39:23,949 - instabot version: 0.117.0 (api) - DEBUG - GET to endpoint: friendships/37139012092/following/?max_id=&ig_sig_key_version=4&rank_token=37139012092_221b13a0-4099-40db-ad97-c7d3eb110fc6 returned response: <Response [200]>
2020-07-17 12:39:23,952 - instabot version: 0.117.0 (bot_checkpoint) - DEBUG - Saving Checkpoint file to: C:\xamp\htdocs\chat_bot\Table\biometric/config/usmanaslam406.checkpoint
2020-07-17 12:39:23,954 - instabot version: 0.117.0 (bot) - INFO - Total follows: 4/81
2020-07-17 12:39:23,954 - instabot version: 0.117.0 (bot) - INFO - Total requests: 47
