2020-07-17 13:05:16,181 - instabot version: 0.117.0 (bot) - INFO - Instabot version: 0.117.0 Started
2020-07-17 13:05:16,182 - instabot version: 0.117.0 (bot) - DEBUG - Bot imported from C:\Users\beast\AppData\Roaming\Python\Python37\site-packages\instabot\bot\bot.py
2020-07-17 13:05:16,193 - instabot version: 0.117.0 (api_login) - DEBUG - Loading cookies
2020-07-17 13:05:16,193 - instabot version: 0.117.0 (api_login) - DEBUG - Loading uuids
2020-07-17 13:05:16,193 - instabot version: 0.117.0 (api_login) - INFO - Recovery from C:\xamp\htdocs\chat_bot\Table\biometric/config/usmanaslam406_uuid_and_cookie.json: COOKIE True - UUIDs True - TIMING, DEVICE and ...
- user-agent=Instagram 117.0.0.28.123 Android (28/9.0; 420dpi; 1080x1920; OnePlus; ONEPLUS A3003; OnePlus3; qcom; en_US; 180322800)
- phone_id=78ec2d0d-cc87-4cf2-9651-8541c61a3c52
- uuid=221b13a0-4099-40db-ad97-c7d3eb110fc6
- client_session_id=20d883d8-c54d-4548-846c-aebd03ea86e6
- device_id=android-f0522cd16f3458a1
2020-07-17 13:05:16,194 - instabot version: 0.117.0 (api_login) - INFO - LOGIN FLOW! Just logged-in: False
2020-07-17 13:05:18,147 - instabot version: 0.117.0 (api) - DEBUG - POST to endpoint: feed/timeline/ returned response: <Response [200]>
2020-07-17 13:05:19,017 - instabot version: 0.117.0 (api) - DEBUG - POST to endpoint: feed/reels_tray/ returned response: <Response [200]>
2020-07-17 13:05:19,022 - instabot version: 0.117.0 (api) - INFO - Logged-in successfully as 'usmanaslam406'!
2020-07-17 13:05:19,023 - instabot version: 0.117.0 (bot_checkpoint) - DEBUG - Loading Checkpoint file from: C:\xamp\htdocs\chat_bot\Table\biometric/config/usmanaslam406.checkpoint
2020-07-17 13:05:21,090 - instabot version: 0.117.0 (api) - DEBUG - GET to endpoint: users/arsalan.ak47/usernameinfo/ returned response: <Response [200]>
2020-07-17 13:05:21,450 - instabot version: 0.117.0 (bot_follow) - INFO - Going to follow `user_id` 2033130243.
2020-07-17 13:05:21,451 - instabot version: 0.117.0 (api) - DEBUG - post data: {"user_id": "2033130243", "radio_type": "wifi-none", "device_id": "android-f0522cd16f3458a1", "_uuid": "221b13a0-4099-40db-ad97-c7d3eb110fc6", "_uid": "37139012092", "_csrftoken": "LmqPINSSBnClBv5u9PvS4gt3dCJfB7US"}
2020-07-17 13:05:22,613 - instabot version: 0.117.0 (api) - DEBUG - POST to endpoint: friendships/create/2033130243/ returned response: <Response [200]>
2020-07-17 13:05:22,613 - instabot version: 0.117.0 (bot_follow) - INFO - Followed `user_id` 2033130243.
2020-07-17 13:05:23,573 - instabot version: 0.117.0 (api) - DEBUG - GET to endpoint: users/37139012092/info/ returned response: <Response [200]>
2020-07-17 13:05:24,324 - instabot version: 0.117.0 (api) - DEBUG - GET to endpoint: friendships/37139012092/following/?max_id=&ig_sig_key_version=4&rank_token=37139012092_221b13a0-4099-40db-ad97-c7d3eb110fc6 returned response: <Response [200]>
2020-07-17 13:05:24,327 - instabot version: 0.117.0 (bot_checkpoint) - DEBUG - Saving Checkpoint file to: C:\xamp\htdocs\chat_bot\Table\biometric/config/usmanaslam406.checkpoint
2020-07-17 13:05:24,328 - instabot version: 0.117.0 (bot) - INFO - Total follows: 8/55
2020-07-17 13:05:24,329 - instabot version: 0.117.0 (bot) - INFO - Total requests: 63
