2020-07-17 14:45:56,455 - instabot version: 0.117.0 (bot) - INFO - Instabot version: 0.117.0 Started
2020-07-17 14:45:56,455 - instabot version: 0.117.0 (bot) - DEBUG - Bot imported from C:\Users\beast\AppData\Roaming\Python\Python37\site-packages\instabot\bot\bot.py
2020-07-17 14:45:56,463 - instabot version: 0.117.0 (api_login) - DEBUG - Loading cookies
2020-07-17 14:45:56,463 - instabot version: 0.117.0 (api_login) - DEBUG - Loading uuids
2020-07-17 14:45:56,463 - instabot version: 0.117.0 (api_login) - INFO - Recovery from C:\xamp\htdocs\chat_bot\Table\biometric/config/usmanaslam406_uuid_and_cookie.json: COOKIE True - UUIDs True - TIMING, DEVICE and ...
- user-agent=Instagram 117.0.0.28.123 Android (28/9.0; 420dpi; 1080x1920; OnePlus; ONEPLUS A3003; OnePlus3; qcom; en_US; 180322800)
- phone_id=78ec2d0d-cc87-4cf2-9651-8541c61a3c52
- uuid=221b13a0-4099-40db-ad97-c7d3eb110fc6
- client_session_id=93622dd3-c2c1-43f2-b813-6fd390b4a48e
- device_id=android-f0522cd16f3458a1
2020-07-17 14:45:56,464 - instabot version: 0.117.0 (api_login) - INFO - LOGIN FLOW! Just logged-in: False
2020-07-17 14:45:58,230 - instabot version: 0.117.0 (api) - DEBUG - POST to endpoint: feed/timeline/ returned response: <Response [200]>
2020-07-17 14:45:58,896 - instabot version: 0.117.0 (api) - DEBUG - POST to endpoint: feed/reels_tray/ returned response: <Response [200]>
2020-07-17 14:45:58,899 - instabot version: 0.117.0 (api) - INFO - Logged-in successfully as 'usmanaslam406'!
2020-07-17 14:45:58,900 - instabot version: 0.117.0 (bot_checkpoint) - DEBUG - Loading Checkpoint file from: C:\xamp\htdocs\chat_bot\Table\biometric/config/usmanaslam406.checkpoint
2020-07-17 14:45:59,631 - instabot version: 0.117.0 (api) - DEBUG - GET to endpoint: users/arsalan.ak47/usernameinfo/ returned response: <Response [200]>
2020-07-17 14:46:00,127 - instabot version: 0.117.0 (bot_follow) - INFO - Going to follow `user_id` 2033130243.
2020-07-17 14:46:00,127 - instabot version: 0.117.0 (api) - DEBUG - post data: {"user_id": "2033130243", "radio_type": "wifi-none", "device_id": "android-f0522cd16f3458a1", "_uuid": "221b13a0-4099-40db-ad97-c7d3eb110fc6", "_uid": "37139012092", "_csrftoken": "LmqPINSSBnClBv5u9PvS4gt3dCJfB7US"}
2020-07-17 14:46:01,265 - instabot version: 0.117.0 (api) - DEBUG - POST to endpoint: friendships/create/2033130243/ returned response: <Response [200]>
2020-07-17 14:46:01,265 - instabot version: 0.117.0 (bot_follow) - INFO - Followed `user_id` 2033130243.
2020-07-17 14:46:01,928 - instabot version: 0.117.0 (api) - DEBUG - GET to endpoint: users/37139012092/info/ returned response: <Response [200]>
2020-07-17 14:46:02,509 - instabot version: 0.117.0 (api) - DEBUG - GET to endpoint: friendships/37139012092/following/?max_id=&ig_sig_key_version=4&rank_token=37139012092_221b13a0-4099-40db-ad97-c7d3eb110fc6 returned response: <Response [200]>
2020-07-17 14:46:02,510 - instabot version: 0.117.0 (bot_checkpoint) - DEBUG - Saving Checkpoint file to: C:\xamp\htdocs\chat_bot\Table\biometric/config/usmanaslam406.checkpoint
2020-07-17 14:46:02,512 - instabot version: 0.117.0 (bot) - INFO - Total follows: 11/93
2020-07-17 14:46:02,512 - instabot version: 0.117.0 (bot) - INFO - Total requests: 75
